Arguments: 
  /usr/local/bin/node /usr/local/bin/yarn

PATH: 
  /usr/local/bin:/usr/bin:/bin:/usr/sbin:/sbin:/usr/local/go/bin:/Users/ahqrt/Desktop/study/webrtc-sty/webRTC-react/node_modules/.bin

Yarn version: 
  1.22.17

Node version: 
  14.17.4

Platform: 
  darwin x64

Trace: 
  Error: getaddrinfo ENOTFOUND registry.yarnpkg.com
      at GetAddrInfoReqWrap.onlookup [as oncomplete] (dns.js:69:26)

npm manifest: 
  {
    "name": "webrtc-react",
    "version": "0.0.0",
    "scripts": {
      "dev": "vite",
      "build": "tsc && vite build",
      "preview": "vite preview"
    },
    "dependencies": {
      "react": "^17.0.2",
      "react-dom": "^17.0.2"
    },
    "devDependencies": {
      "@types/react": "^17.0.33",
      "@types/react-dom": "^17.0.10",
      "@vitejs/plugin-react": "^1.0.7",
      "typescript": "^4.4.4",
      "vite": "^2.7.1"
    }
  }

yarn manifest: 
  No manifest

Lockfile: 
  No lockfile
